
> cliq@0.1.0 build
> next build

node.exe : ΓÜá 
Warning: Next.js 
inferred your 
workspace root, but it 
may not be correct.
At line:1 char:1
+ & "C:\Program 
Files\nodejs/node.exe" 
"C:\Program 
Files\nodejs/node_mo 
...
+ ~~~~~~~~~~~~~~~~~~~~~
~~~~~~~~~~~~~~~~~~~~~~~
~~~~~~~~~~~~~~~~~~~~~~~
~~
    + CategoryInfo     
         : NotSpecifi  
  ed: (ΓÜá Warning:    
 Ne...not be correc    
t.:String) [], Rem    
oteException
    + FullyQualifiedEr 
   rorId : NativeComm  
  andError
 
 We detected multiple 
lockfiles and selected 
the directory of C:\Use
rs\deepa\pnpm-lock.yaml
 as the root directory.
 To silence this 
warning, set 
`turbopack.root` in 
your Next.js config, 
or consider removing 
one of the lockfiles 
if it's not needed.
   See https://nextjs.o
rg/docs/app/api-referen
ce/config/next-config-j
s/turbopack#root-direct
ory for more 
information.
 Detected additional 
lockfiles: 
   * C:\Users\deepa\Des
ktop\cliq\package-lock.
json

Γû▓ Next.js 16.2.1 (Turbopack)
- Environments: .env.local

ΓÜá The "middleware" 
file convention is 
deprecated. Please use 
"proxy" instead. Learn 
more: https://nextjs.or
g/docs/messages/middlew
are-to-proxy
  Creating an optimized production build ...

> Build error occurred
Error: Turbopack build 
failed with 1 errors:
./Desktop/cliq/componen
ts/providers.tsx:3:1
Module not found: 
Can't resolve 
'@tanstack/react-query'
  [90m1 |[0m 
[32m'use client'[0m
  [90m2 |[0m
[31m[1m>[0m [90m3 
|[0m [36mimport[0m 
{ 
[33mQueryClient[0m, 
[33mQueryClientProvider
[0m } [36mfrom[0m [
32m'@tanstack/react-que
ry'[0m
  [90m  |[0m [31m[1
m^^^^^^^^^^^^^^^^^^^^^^
^^^^^^^^^^^^^^^^^^^^^^^
^^^^^^^^^^^^^^^^^^^^^^^
^^^^[0m
  [90m4 |[0m 
[36mimport[0m { 
useState } 
[36mfrom[0m 
[32m'react'[0m
  [90m5 |[0m
  [90m6 |[0m 
[36mexport[0m 
[36mfunction[0m 
[33mProviders[0m({ 
children }: { 
children: [33mReact[0
m.[33mReactNode[0m 
}) {



Import trace:
  Server Component:
    ./Desktop/cliq/comp
onents/providers.tsx
    ./Desktop/cliq/app/
layout.tsx

https://nextjs.org/docs
/messages/module-not-fo
und


    at <unknown> (./Des
ktop/cliq/components/pr
oviders.tsx:3:1)
    at <unknown> (https
://nextjs.org/docs/mess
ages/module-not-found)
